<?xml version="1.0" encoding="UTF-8"?>
<testng-results skipped="0" failed="4" total="4" passed="0">
  <reporter-output>
  </reporter-output>
  <suite name="SuiteName" duration-ms="86769" started-at="2017-12-18T05:16:06Z" finished-at="2017-12-18T05:17:33Z">
    <groups>
    </groups>
    <test name="ScreenTest_Positive" duration-ms="25957" started-at="2017-12-18T05:16:06Z" finished-at="2017-12-18T05:16:32Z">
      <class name="com.tesco.pom.testcases.ScreenTest_Positive">
        <test-method status="FAIL" signature="doLogin(java.util.Hashtable)[pri:0, instance:com.tesco.pom.testcases.ScreenTest_Positive@6989da5e]" name="doLogin" duration-ms="24777" started-at="2017-12-18T10:46:06Z" data-provider="getData" finished-at="2017-12-18T10:46:31Z">
          <params>
            <param index="0">
              <value>
                <![CDATA[{ExpectedResult=Success, Runmode=Y, Browser=Chrome}]]>
              </value>
            </param>
          </params>
          <exception class="java.lang.AssertionError">
            <message>
              <![CDATA[Tesco Groceries Items Resolution NOT appropriate]]>
            </message>
            <full-stacktrace>
              <![CDATA[java.lang.AssertionError: Tesco Groceries Items Resolution NOT appropriate
	at org.testng.Assert.fail(Assert.java:94)
	at com.tesco.pom.testcases.base.BaseTest.reportFailure(BaseTest.java:150)
	at com.tesco.pom.testcases.ScreenTest_Positive.doLogin(ScreenTest_Positive.java:75)
	at sun.reflect.NativeMethodAccessorImpl.invoke0(Native Method)
	at sun.reflect.NativeMethodAccessorImpl.invoke(NativeMethodAccessorImpl.java:62)
	at sun.reflect.DelegatingMethodAccessorImpl.invoke(DelegatingMethodAccessorImpl.java:43)
	at java.lang.reflect.Method.invoke(Method.java:498)
	at org.testng.internal.MethodInvocationHelper.invokeMethod(MethodInvocationHelper.java:85)
	at org.testng.internal.Invoker.invokeMethod(Invoker.java:639)
	at org.testng.internal.Invoker.invokeTestMethod(Invoker.java:816)
	at org.testng.internal.Invoker.invokeTestMethods(Invoker.java:1124)
	at org.testng.internal.TestMethodWorker.invokeTestMethods(TestMethodWorker.java:125)
	at org.testng.internal.TestMethodWorker.run(TestMethodWorker.java:108)
	at org.testng.TestRunner.privateRun(TestRunner.java:774)
	at org.testng.TestRunner.run(TestRunner.java:624)
	at org.testng.SuiteRunner.runTest(SuiteRunner.java:359)
	at org.testng.SuiteRunner.runSequentially(SuiteRunner.java:354)
	at org.testng.SuiteRunner.privateRun(SuiteRunner.java:312)
	at org.testng.SuiteRunner.run(SuiteRunner.java:261)
	at org.testng.SuiteRunnerWorker.runSuite(SuiteRunnerWorker.java:52)
	at org.testng.SuiteRunnerWorker.run(SuiteRunnerWorker.java:86)
	at org.testng.TestNG.runSuitesSequentially(TestNG.java:1215)
	at org.testng.TestNG.runSuitesLocally(TestNG.java:1140)
	at org.testng.TestNG.run(TestNG.java:1048)
	at org.testng.TestNG.privateMain(TestNG.java:1355)
	at org.testng.TestNG.main(TestNG.java:1324)
]]>
            </full-stacktrace>
          </exception> <!-- java.lang.AssertionError -->
          <reporter-output>
          </reporter-output>
        </test-method> <!-- doLogin -->
        <test-method status="PASS" signature="quit()[pri:0, instance:com.tesco.pom.testcases.ScreenTest_Positive@6989da5e]" name="quit" is-config="true" duration-ms="1162" started-at="2017-12-18T10:46:31Z" finished-at="2017-12-18T10:46:32Z">
          <reporter-output>
          </reporter-output>
        </test-method> <!-- quit -->
      </class> <!-- com.tesco.pom.testcases.ScreenTest_Positive -->
    </test> <!-- ScreenTest_Positive -->
    <test name="ScreenTest_Negative_Resize" duration-ms="22524" started-at="2017-12-18T05:16:32Z" finished-at="2017-12-18T05:16:54Z">
      <class name="com.tesco.pom.testcases.ScreenTest_Negative_Resize">
        <test-method status="FAIL" signature="doLogin(java.util.Hashtable)[pri:0, instance:com.tesco.pom.testcases.ScreenTest_Negative_Resize@7a8c8dcf]" name="doLogin" duration-ms="21659" started-at="2017-12-18T10:46:32Z" data-provider="getData" finished-at="2017-12-18T10:46:54Z">
          <params>
            <param index="0">
              <value>
                <![CDATA[{ExpectedResult=Success, Runmode=Y, Browser=Chrome}]]>
              </value>
            </param>
          </params>
          <exception class="java.lang.AssertionError">
            <message>
              <![CDATA[Tesco Groceries Items Resolution NOT appropriate]]>
            </message>
            <full-stacktrace>
              <![CDATA[java.lang.AssertionError: Tesco Groceries Items Resolution NOT appropriate
	at org.testng.Assert.fail(Assert.java:94)
	at com.tesco.pom.testcases.base.BaseTest.reportFailure(BaseTest.java:150)
	at com.tesco.pom.testcases.ScreenTest_Negative_Resize.doLogin(ScreenTest_Negative_Resize.java:74)
	at sun.reflect.NativeMethodAccessorImpl.invoke0(Native Method)
	at sun.reflect.NativeMethodAccessorImpl.invoke(NativeMethodAccessorImpl.java:62)
	at sun.reflect.DelegatingMethodAccessorImpl.invoke(DelegatingMethodAccessorImpl.java:43)
	at java.lang.reflect.Method.invoke(Method.java:498)
	at org.testng.internal.MethodInvocationHelper.invokeMethod(MethodInvocationHelper.java:85)
	at org.testng.internal.Invoker.invokeMethod(Invoker.java:639)
	at org.testng.internal.Invoker.invokeTestMethod(Invoker.java:816)
	at org.testng.internal.Invoker.invokeTestMethods(Invoker.java:1124)
	at org.testng.internal.TestMethodWorker.invokeTestMethods(TestMethodWorker.java:125)
	at org.testng.internal.TestMethodWorker.run(TestMethodWorker.java:108)
	at org.testng.TestRunner.privateRun(TestRunner.java:774)
	at org.testng.TestRunner.run(TestRunner.java:624)
	at org.testng.SuiteRunner.runTest(SuiteRunner.java:359)
	at org.testng.SuiteRunner.runSequentially(SuiteRunner.java:354)
	at org.testng.SuiteRunner.privateRun(SuiteRunner.java:312)
	at org.testng.SuiteRunner.run(SuiteRunner.java:261)
	at org.testng.SuiteRunnerWorker.runSuite(SuiteRunnerWorker.java:52)
	at org.testng.SuiteRunnerWorker.run(SuiteRunnerWorker.java:86)
	at org.testng.TestNG.runSuitesSequentially(TestNG.java:1215)
	at org.testng.TestNG.runSuitesLocally(TestNG.java:1140)
	at org.testng.TestNG.run(TestNG.java:1048)
	at org.testng.TestNG.privateMain(TestNG.java:1355)
	at org.testng.TestNG.main(TestNG.java:1324)
]]>
            </full-stacktrace>
          </exception> <!-- java.lang.AssertionError -->
          <reporter-output>
          </reporter-output>
        </test-method> <!-- doLogin -->
        <test-method status="PASS" signature="quit()[pri:0, instance:com.tesco.pom.testcases.ScreenTest_Negative_Resize@7a8c8dcf]" name="quit" is-config="true" duration-ms="864" started-at="2017-12-18T10:46:54Z" finished-at="2017-12-18T10:46:54Z">
          <reporter-output>
          </reporter-output>
        </test-method> <!-- quit -->
      </class> <!-- com.tesco.pom.testcases.ScreenTest_Negative_Resize -->
    </test> <!-- ScreenTest_Negative_Resize -->
    <test name="ScreenTest_Negative_LetterColoring" duration-ms="20032" started-at="2017-12-18T05:16:55Z" finished-at="2017-12-18T05:17:15Z">
      <class name="com.tesco.pom.testcases.ScreenTest_Negative_AcceptAndCloseDelete">
        <test-method status="FAIL" signature="doLogin(java.util.Hashtable)[pri:0, instance:com.tesco.pom.testcases.ScreenTest_Negative_AcceptAndCloseDelete@23348b5d]" name="doLogin" duration-ms="19186" started-at="2017-12-18T10:46:55Z" data-provider="getData" finished-at="2017-12-18T10:47:14Z">
          <params>
            <param index="0">
              <value>
                <![CDATA[{ExpectedResult=Success, Runmode=Y, Browser=Chrome}]]>
              </value>
            </param>
          </params>
          <exception class="java.lang.AssertionError">
            <message>
              <![CDATA[Privacy policy and cookies Resolution NOT appropriate]]>
            </message>
            <full-stacktrace>
              <![CDATA[java.lang.AssertionError: Privacy policy and cookies Resolution NOT appropriate
	at org.testng.Assert.fail(Assert.java:94)
	at com.tesco.pom.testcases.base.BaseTest.reportFailure(BaseTest.java:150)
	at com.tesco.pom.testcases.ScreenTest_Negative_AcceptAndCloseDelete.doLogin(ScreenTest_Negative_AcceptAndCloseDelete.java:72)
	at sun.reflect.NativeMethodAccessorImpl.invoke0(Native Method)
	at sun.reflect.NativeMethodAccessorImpl.invoke(NativeMethodAccessorImpl.java:62)
	at sun.reflect.DelegatingMethodAccessorImpl.invoke(DelegatingMethodAccessorImpl.java:43)
	at java.lang.reflect.Method.invoke(Method.java:498)
	at org.testng.internal.MethodInvocationHelper.invokeMethod(MethodInvocationHelper.java:85)
	at org.testng.internal.Invoker.invokeMethod(Invoker.java:639)
	at org.testng.internal.Invoker.invokeTestMethod(Invoker.java:816)
	at org.testng.internal.Invoker.invokeTestMethods(Invoker.java:1124)
	at org.testng.internal.TestMethodWorker.invokeTestMethods(TestMethodWorker.java:125)
	at org.testng.internal.TestMethodWorker.run(TestMethodWorker.java:108)
	at org.testng.TestRunner.privateRun(TestRunner.java:774)
	at org.testng.TestRunner.run(TestRunner.java:624)
	at org.testng.SuiteRunner.runTest(SuiteRunner.java:359)
	at org.testng.SuiteRunner.runSequentially(SuiteRunner.java:354)
	at org.testng.SuiteRunner.privateRun(SuiteRunner.java:312)
	at org.testng.SuiteRunner.run(SuiteRunner.java:261)
	at org.testng.SuiteRunnerWorker.runSuite(SuiteRunnerWorker.java:52)
	at org.testng.SuiteRunnerWorker.run(SuiteRunnerWorker.java:86)
	at org.testng.TestNG.runSuitesSequentially(TestNG.java:1215)
	at org.testng.TestNG.runSuitesLocally(TestNG.java:1140)
	at org.testng.TestNG.run(TestNG.java:1048)
	at org.testng.TestNG.privateMain(TestNG.java:1355)
	at org.testng.TestNG.main(TestNG.java:1324)
]]>
            </full-stacktrace>
          </exception> <!-- java.lang.AssertionError -->
          <reporter-output>
          </reporter-output>
        </test-method> <!-- doLogin -->
        <test-method status="PASS" signature="quit()[pri:0, instance:com.tesco.pom.testcases.ScreenTest_Negative_AcceptAndCloseDelete@23348b5d]" name="quit" is-config="true" duration-ms="845" started-at="2017-12-18T10:47:14Z" finished-at="2017-12-18T10:47:15Z">
          <reporter-output>
          </reporter-output>
        </test-method> <!-- quit -->
      </class> <!-- com.tesco.pom.testcases.ScreenTest_Negative_AcceptAndCloseDelete -->
    </test> <!-- ScreenTest_Negative_LetterColoring -->
    <test name="ScreenTest_Negative_DeleteLabel" duration-ms="18161" started-at="2017-12-18T05:17:15Z" finished-at="2017-12-18T05:17:33Z">
      <class name="com.tesco.pom.testcases.ScreenTest_Positive_Cookies">
        <test-method status="FAIL" signature="doLogin(java.util.Hashtable)[pri:0, instance:com.tesco.pom.testcases.ScreenTest_Positive_Cookies@33c911a1]" name="doLogin" duration-ms="17294" started-at="2017-12-18T10:47:15Z" data-provider="getData" finished-at="2017-12-18T10:47:32Z">
          <params>
            <param index="0">
              <value>
                <![CDATA[{ExpectedResult=Success, Runmode=Y, Browser=Chrome}]]>
              </value>
            </param>
          </params>
          <exception class="java.lang.AssertionError">
            <message>
              <![CDATA[Privacy policy and cookies Resolution NOT appropriate]]>
            </message>
            <full-stacktrace>
              <![CDATA[java.lang.AssertionError: Privacy policy and cookies Resolution NOT appropriate
	at org.testng.Assert.fail(Assert.java:94)
	at com.tesco.pom.testcases.base.BaseTest.reportFailure(BaseTest.java:150)
	at com.tesco.pom.testcases.ScreenTest_Positive_Cookies.doLogin(ScreenTest_Positive_Cookies.java:71)
	at sun.reflect.NativeMethodAccessorImpl.invoke0(Native Method)
	at sun.reflect.NativeMethodAccessorImpl.invoke(NativeMethodAccessorImpl.java:62)
	at sun.reflect.DelegatingMethodAccessorImpl.invoke(DelegatingMethodAccessorImpl.java:43)
	at java.lang.reflect.Method.invoke(Method.java:498)
	at org.testng.internal.MethodInvocationHelper.invokeMethod(MethodInvocationHelper.java:85)
	at org.testng.internal.Invoker.invokeMethod(Invoker.java:639)
	at org.testng.internal.Invoker.invokeTestMethod(Invoker.java:816)
	at org.testng.internal.Invoker.invokeTestMethods(Invoker.java:1124)
	at org.testng.internal.TestMethodWorker.invokeTestMethods(TestMethodWorker.java:125)
	at org.testng.internal.TestMethodWorker.run(TestMethodWorker.java:108)
	at org.testng.TestRunner.privateRun(TestRunner.java:774)
	at org.testng.TestRunner.run(TestRunner.java:624)
	at org.testng.SuiteRunner.runTest(SuiteRunner.java:359)
	at org.testng.SuiteRunner.runSequentially(SuiteRunner.java:354)
	at org.testng.SuiteRunner.privateRun(SuiteRunner.java:312)
	at org.testng.SuiteRunner.run(SuiteRunner.java:261)
	at org.testng.SuiteRunnerWorker.runSuite(SuiteRunnerWorker.java:52)
	at org.testng.SuiteRunnerWorker.run(SuiteRunnerWorker.java:86)
	at org.testng.TestNG.runSuitesSequentially(TestNG.java:1215)
	at org.testng.TestNG.runSuitesLocally(TestNG.java:1140)
	at org.testng.TestNG.run(TestNG.java:1048)
	at org.testng.TestNG.privateMain(TestNG.java:1355)
	at org.testng.TestNG.main(TestNG.java:1324)
]]>
            </full-stacktrace>
          </exception> <!-- java.lang.AssertionError -->
          <reporter-output>
          </reporter-output>
        </test-method> <!-- doLogin -->
        <test-method status="PASS" signature="quit()[pri:0, instance:com.tesco.pom.testcases.ScreenTest_Positive_Cookies@33c911a1]" name="quit" is-config="true" duration-ms="866" started-at="2017-12-18T10:47:32Z" finished-at="2017-12-18T10:47:33Z">
          <reporter-output>
          </reporter-output>
        </test-method> <!-- quit -->
      </class> <!-- com.tesco.pom.testcases.ScreenTest_Positive_Cookies -->
    </test> <!-- ScreenTest_Negative_DeleteLabel -->
  </suite> <!-- SuiteName -->
</testng-results>
